<?xml version="1.0" encoding="UTF-8"?>
<!-- Generated by org.testng.reporters.JUnitReportReporter -->
<testsuite hostname="Bilal-PC" failures="0" tests="8" name="com.updateclassiccrm.testcases.LoginPageTest" time="128.527" errors="0" timestamp="08 juin 2019 23:54:41 GMT" skipped="0">
  <testcase classname="com.updateclassiccrm.testcases.LoginPageTest" name="urlTest" time="14.410"/>
  <testcase classname="com.updateclassiccrm.testcases.LoginPageTest" name="titleTest" time="14.575"/>
  <testcase classname="com.updateclassiccrm.testcases.LoginPageTest" name="logoTest" time="15.373"/>
  <testcase classname="com.updateclassiccrm.testcases.LoginPageTest" name="validLoginTest" time="17.531"/>
  <testcase classname="com.updateclassiccrm.testcases.LoginPageTest" name="invalidLoginTest" time="16.162"/>
  <testcase classname="com.updateclassiccrm.testcases.LoginPageTest" name="invalidLoginTest" time="17.078"/>
  <testcase classname="com.updateclassiccrm.testcases.LoginPageTest" name="invalidLoginTest" time="16.795"/>
  <testcase classname="com.updateclassiccrm.testcases.LoginPageTest" name="invalidLoginTest" time="16.603"/>
</testsuite> <!-- com.updateclassiccrm.testcases.LoginPageTest -->
