<?xml version="1.0" encoding="UTF-8"?>
<!-- Generated by org.testng.reporters.JUnitReportReporter -->
<testsuite hostname="Bilal-PC" failures="0" tests="6" name="com.updateclassiccrm.testcases.ContactPageTest" time="123.446" errors="0" timestamp="08 juin 2019 23:54:41 GMT" skipped="0">
  <testcase classname="com.updateclassiccrm.testcases.ContactPageTest" name="addNewContact" time="20.327"/>
  <testcase classname="com.updateclassiccrm.testcases.ContactPageTest" name="addNewContact" time="20.744"/>
  <testcase classname="com.updateclassiccrm.testcases.ContactPageTest" name="addNewContact" time="20.603"/>
  <testcase classname="com.updateclassiccrm.testcases.ContactPageTest" name="addNewContact" time="20.359"/>
  <testcase classname="com.updateclassiccrm.testcases.ContactPageTest" name="addNewContact" time="20.887"/>
  <testcase classname="com.updateclassiccrm.testcases.ContactPageTest" name="addNewContact" time="20.526"/>
</testsuite> <!-- com.updateclassiccrm.testcases.ContactPageTest -->
