<?xml version="1.0" encoding="UTF-8"?>
<!-- Generated by org.testng.reporters.JUnitReportReporter -->
<testsuite hostname="Bilal-PC" failures="0" tests="6" name="com.updateclassiccrm.testcases.ContactPageTest" time="128.454" errors="0" timestamp="08 juin 2019 18:34:05 GMT" skipped="0">
  <testcase classname="com.updateclassiccrm.testcases.ContactPageTest" name="addNewContact" time="20.862"/>
  <testcase classname="com.updateclassiccrm.testcases.ContactPageTest" name="addNewContact" time="20.966"/>
  <testcase classname="com.updateclassiccrm.testcases.ContactPageTest" name="addNewContact" time="21.697"/>
  <testcase classname="com.updateclassiccrm.testcases.ContactPageTest" name="addNewContact" time="21.036"/>
  <testcase classname="com.updateclassiccrm.testcases.ContactPageTest" name="addNewContact" time="21.372"/>
  <testcase classname="com.updateclassiccrm.testcases.ContactPageTest" name="addNewContact" time="22.521"/>
</testsuite> <!-- com.updateclassiccrm.testcases.ContactPageTest -->
