<?xml version="1.0" encoding="UTF-8"?>
<!-- Generated by org.testng.reporters.JUnitReportReporter -->
<testsuite hostname="Bilal-PC" failures="0" tests="4" name="com.updateclassiccrm.testcases.LoginPageTest" time="60.048" errors="0" timestamp="06 juin 2019 16:55:47 GMT" skipped="0">
  <testcase classname="com.updateclassiccrm.testcases.LoginPageTest" name="urlTest" time="14.329"/>
  <testcase classname="com.updateclassiccrm.testcases.LoginPageTest" name="titleTest" time="12.769"/>
  <testcase classname="com.updateclassiccrm.testcases.LoginPageTest" name="logoTest" time="14.049"/>
  <testcase classname="com.updateclassiccrm.testcases.LoginPageTest" name="loginTest" time="18.901"/>
</testsuite> <!-- com.updateclassiccrm.testcases.LoginPageTest -->
