<?xml version="1.0" encoding="UTF-8"?>
<!-- Generated by org.testng.reporters.JUnitReportReporter -->
<testsuite hostname="Bilal-PC" failures="0" tests="8" name="com.updateclassiccrm.testcases.LoginPageTest" time="131.412" errors="0" timestamp="08 juin 2019 18:34:05 GMT" skipped="0">
  <testcase classname="com.updateclassiccrm.testcases.LoginPageTest" name="urlTest" time="15.265"/>
  <testcase classname="com.updateclassiccrm.testcases.LoginPageTest" name="titleTest" time="15.292"/>
  <testcase classname="com.updateclassiccrm.testcases.LoginPageTest" name="logoTest" time="15.551"/>
  <testcase classname="com.updateclassiccrm.testcases.LoginPageTest" name="validLoginTest" time="19.126"/>
  <testcase classname="com.updateclassiccrm.testcases.LoginPageTest" name="invalidLoginTest" time="16.145"/>
  <testcase classname="com.updateclassiccrm.testcases.LoginPageTest" name="invalidLoginTest" time="16.103"/>
  <testcase classname="com.updateclassiccrm.testcases.LoginPageTest" name="invalidLoginTest" time="16.323"/>
  <testcase classname="com.updateclassiccrm.testcases.LoginPageTest" name="invalidLoginTest" time="17.607"/>
</testsuite> <!-- com.updateclassiccrm.testcases.LoginPageTest -->
