<?xml version="1.0" encoding="UTF-8"?>
<!-- Generated by org.testng.reporters.JUnitReportReporter -->
<testsuite hostname="Bilal-PC" failures="0" tests="8" name="com.updateclassiccrm.testcases.LoginPageTest" time="123.060" errors="0" timestamp="09 juin 2019 12:56:28 GMT" skipped="0">
  <testcase classname="com.updateclassiccrm.testcases.LoginPageTest" name="urlTest" time="15.388"/>
  <testcase classname="com.updateclassiccrm.testcases.LoginPageTest" name="titleTest" time="14.458"/>
  <testcase classname="com.updateclassiccrm.testcases.LoginPageTest" name="logoTest" time="14.482"/>
  <testcase classname="com.updateclassiccrm.testcases.LoginPageTest" name="validLoginTest" time="17.650"/>
  <testcase classname="com.updateclassiccrm.testcases.LoginPageTest" name="invalidLoginTest" time="15.495"/>
  <testcase classname="com.updateclassiccrm.testcases.LoginPageTest" name="invalidLoginTest" time="15.406"/>
  <testcase classname="com.updateclassiccrm.testcases.LoginPageTest" name="invalidLoginTest" time="15.044"/>
  <testcase classname="com.updateclassiccrm.testcases.LoginPageTest" name="invalidLoginTest" time="15.137"/>
</testsuite> <!-- com.updateclassiccrm.testcases.LoginPageTest -->
