<?xml version="1.0" encoding="UTF-8"?>
<!-- Generated by org.testng.reporters.JUnitReportReporter -->
<testsuite hostname="Bilal-PC" failures="0" tests="4" name="com.updateclassiccrm.testcases.LoginPageTest" time="44.866" errors="0" timestamp="06 juin 2019 14:40:30 GMT" skipped="0">
  <testcase classname="com.updateclassiccrm.testcases.LoginPageTest" name="urlTest" time="10.006"/>
  <testcase classname="com.updateclassiccrm.testcases.LoginPageTest" name="titleTest" time="9.595"/>
  <testcase classname="com.updateclassiccrm.testcases.LoginPageTest" name="logoTest" time="10.484"/>
  <testcase classname="com.updateclassiccrm.testcases.LoginPageTest" name="loginTest" time="14.781"/>
</testsuite> <!-- com.updateclassiccrm.testcases.LoginPageTest -->
