<?xml version="1.0" encoding="UTF-8"?>
<!-- Generated by org.testng.reporters.JUnitReportReporter -->
<testsuite hostname="Bilal-PC" failures="0" tests="4" name="com.updateclassiccrm.testcases.HomePageTest" time="73.197" errors="0" timestamp="06 juin 2019 16:55:47 GMT" skipped="0">
  <testcase classname="com.updateclassiccrm.testcases.HomePageTest" name="clickOnContact" time="17.490"/>
  <testcase classname="com.updateclassiccrm.testcases.HomePageTest" name="addNewContact" time="19.874"/>
  <testcase classname="com.updateclassiccrm.testcases.HomePageTest" name="clickOnDeals" time="17.920"/>
  <testcase classname="com.updateclassiccrm.testcases.HomePageTest" name="clickOnTasks" time="17.913"/>
</testsuite> <!-- com.updateclassiccrm.testcases.HomePageTest -->
