<?xml version="1.0" encoding="UTF-8"?>
<!-- Generated by org.testng.reporters.JUnitReportReporter -->
<testsuite hostname="Bilal-PC" failures="0" tests="3" name="com.updateclassiccrm.testcases.HomePageTest" time="56.670" errors="0" timestamp="08 juin 2019 18:34:05 GMT" skipped="0">
  <testcase classname="com.updateclassiccrm.testcases.HomePageTest" name="clickOnContact" time="19.143"/>
  <testcase classname="com.updateclassiccrm.testcases.HomePageTest" name="clickOnDeals" time="18.887"/>
  <testcase classname="com.updateclassiccrm.testcases.HomePageTest" name="clickOnTasks" time="18.640"/>
</testsuite> <!-- com.updateclassiccrm.testcases.HomePageTest -->
