<?xml version="1.0" encoding="UTF-8"?>
<!-- Generated by org.testng.reporters.JUnitReportReporter -->
<testsuite hostname="Bilal-PC" failures="0" tests="1" name="com.updateclassiccrm.testcases.ContactPageTest" time="28.111" errors="0" timestamp="07 juin 2019 15:42:13 GMT" skipped="0">
  <testcase classname="com.updateclassiccrm.testcases.ContactPageTest" name="addNewContact" time="28.111"/>
</testsuite> <!-- com.updateclassiccrm.testcases.ContactPageTest -->
