<?xml version="1.0" encoding="UTF-8"?>
<!-- Generated by org.testng.reporters.JUnitReportReporter -->
<testsuite hostname="Bilal-PC" failures="0" tests="4" name="com.updateclassiccrm.testcases.LoginPageTest" time="68.012" errors="0" timestamp="07 juin 2019 21:03:08 GMT" skipped="0">
  <testcase classname="com.updateclassiccrm.testcases.LoginPageTest" name="invalidLoginTest" time="17.207"/>
  <testcase classname="com.updateclassiccrm.testcases.LoginPageTest" name="invalidLoginTest" time="16.966"/>
  <testcase classname="com.updateclassiccrm.testcases.LoginPageTest" name="invalidLoginTest" time="15.879"/>
  <testcase classname="com.updateclassiccrm.testcases.LoginPageTest" name="invalidLoginTest" time="17.960"/>
</testsuite> <!-- com.updateclassiccrm.testcases.LoginPageTest -->
