<?xml version="1.0" encoding="UTF-8"?>
<!-- Generated by org.testng.reporters.JUnitReportReporter -->
<testsuite hostname="Bilal-PC" failures="0" tests="4" name="com.updateclassiccrm.testcases.HomePageTest" time="77.122" errors="0" timestamp="06 juin 2019 18:18:15 GMT" skipped="0">
  <testcase classname="com.updateclassiccrm.testcases.HomePageTest" name="clickOnContact" time="18.345"/>
  <testcase classname="com.updateclassiccrm.testcases.HomePageTest" name="addNewContact" time="20.937"/>
  <testcase classname="com.updateclassiccrm.testcases.HomePageTest" name="clickOnDeals" time="18.824"/>
  <testcase classname="com.updateclassiccrm.testcases.HomePageTest" name="clickOnTasks" time="19.016"/>
</testsuite> <!-- com.updateclassiccrm.testcases.HomePageTest -->
