<?xml version="1.0" encoding="UTF-8"?>
<!-- Generated by org.testng.reporters.JUnitReportReporter -->
<testsuite hostname="Bilal-PC" failures="0" tests="4" name="com.updateclassiccrm.testcases.HomePageTest" time="60.445" errors="0" timestamp="06 juin 2019 14:40:30 GMT" skipped="0">
  <testcase classname="com.updateclassiccrm.testcases.HomePageTest" name="clickOnContact" time="14.425"/>
  <testcase classname="com.updateclassiccrm.testcases.HomePageTest" name="addNewContact" time="16.992"/>
  <testcase classname="com.updateclassiccrm.testcases.HomePageTest" name="clickOnDeals" time="14.406"/>
  <testcase classname="com.updateclassiccrm.testcases.HomePageTest" name="clickOnTasks" time="14.622"/>
</testsuite> <!-- com.updateclassiccrm.testcases.HomePageTest -->
