<?xml version="1.0" encoding="UTF-8"?>
<!-- Generated by org.testng.reporters.JUnitReportReporter -->
<testsuite hostname="Bilal-PC" failures="0" tests="8" name="com.updateclassiccrm.testcases.LoginPageTest" time="134.984" errors="0" timestamp="08 juin 2019 20:56:02 GMT" skipped="0">
  <testcase classname="com.updateclassiccrm.testcases.LoginPageTest" name="urlTest" time="16.270"/>
  <testcase classname="com.updateclassiccrm.testcases.LoginPageTest" name="titleTest" time="18.650"/>
  <testcase classname="com.updateclassiccrm.testcases.LoginPageTest" name="logoTest" time="14.714"/>
  <testcase classname="com.updateclassiccrm.testcases.LoginPageTest" name="validLoginTest" time="17.584"/>
  <testcase classname="com.updateclassiccrm.testcases.LoginPageTest" name="invalidLoginTest" time="15.793"/>
  <testcase classname="com.updateclassiccrm.testcases.LoginPageTest" name="invalidLoginTest" time="20.519"/>
  <testcase classname="com.updateclassiccrm.testcases.LoginPageTest" name="invalidLoginTest" time="15.789"/>
  <testcase classname="com.updateclassiccrm.testcases.LoginPageTest" name="invalidLoginTest" time="15.665"/>
</testsuite> <!-- com.updateclassiccrm.testcases.LoginPageTest -->
