<?xml version="1.0" encoding="UTF-8"?>
<!-- Generated by org.testng.reporters.JUnitReportReporter -->
<testsuite hostname="Bilal-PC" failures="0" tests="4" name="com.updateclassiccrm.testcases.HomePageTest" time="62.362" errors="0" timestamp="06 juin 2019 14:52:25 GMT" skipped="0">
  <testcase classname="com.updateclassiccrm.testcases.HomePageTest" name="clickOnContact" time="14.516"/>
  <testcase classname="com.updateclassiccrm.testcases.HomePageTest" name="addNewContact" time="16.996"/>
  <testcase classname="com.updateclassiccrm.testcases.HomePageTest" name="clickOnDeals" time="15.496"/>
  <testcase classname="com.updateclassiccrm.testcases.HomePageTest" name="clickOnTasks" time="15.354"/>
</testsuite> <!-- com.updateclassiccrm.testcases.HomePageTest -->
