<?xml version="1.0" encoding="UTF-8"?>
<!-- Generated by org.testng.reporters.JUnitReportReporter -->
<testsuite hostname="Bilal-PC" failures="0" tests="4" name="com.updateclassiccrm.testcases.LoginPageTest" time="50.283" errors="0" timestamp="06 juin 2019 14:52:25 GMT" skipped="0">
  <testcase classname="com.updateclassiccrm.testcases.LoginPageTest" name="urlTest" time="10.823"/>
  <testcase classname="com.updateclassiccrm.testcases.LoginPageTest" name="titleTest" time="12.498"/>
  <testcase classname="com.updateclassiccrm.testcases.LoginPageTest" name="logoTest" time="10.822"/>
  <testcase classname="com.updateclassiccrm.testcases.LoginPageTest" name="loginTest" time="16.140"/>
</testsuite> <!-- com.updateclassiccrm.testcases.LoginPageTest -->
