<?xml version="1.0" encoding="UTF-8"?>
<!-- Generated by org.testng.reporters.JUnitReportReporter -->
<testsuite hostname="Bilal-PC" failures="0" tests="6" name="com.updateclassiccrm.testcases.ContactPageTest" time="127.346" errors="0" timestamp="08 juin 2019 20:56:02 GMT" skipped="0">
  <testcase classname="com.updateclassiccrm.testcases.ContactPageTest" name="addNewContact" time="20.810"/>
  <testcase classname="com.updateclassiccrm.testcases.ContactPageTest" name="addNewContact" time="20.906"/>
  <testcase classname="com.updateclassiccrm.testcases.ContactPageTest" name="addNewContact" time="20.384"/>
  <testcase classname="com.updateclassiccrm.testcases.ContactPageTest" name="addNewContact" time="21.153"/>
  <testcase classname="com.updateclassiccrm.testcases.ContactPageTest" name="addNewContact" time="22.274"/>
  <testcase classname="com.updateclassiccrm.testcases.ContactPageTest" name="addNewContact" time="21.819"/>
</testsuite> <!-- com.updateclassiccrm.testcases.ContactPageTest -->
