<?xml version="1.0" encoding="UTF-8"?>
<!-- Generated by org.testng.reporters.JUnitReportReporter -->
<testsuite hostname="Bilal-PC" failures="0" tests="3" name="com.updateclassiccrm.testcases.HomePageTest" time="56.170" errors="0" timestamp="08 juin 2019 20:56:02 GMT" skipped="0">
  <testcase classname="com.updateclassiccrm.testcases.HomePageTest" name="clickOnContact" time="18.331"/>
  <testcase classname="com.updateclassiccrm.testcases.HomePageTest" name="clickOnDeals" time="18.958"/>
  <testcase classname="com.updateclassiccrm.testcases.HomePageTest" name="clickOnTasks" time="18.881"/>
</testsuite> <!-- com.updateclassiccrm.testcases.HomePageTest -->
