<?xml version="1.0" encoding="UTF-8"?>
<!-- Generated by org.testng.reporters.JUnitReportReporter -->
<testsuite hostname="Bilal-PC" failures="0" tests="8" name="com.updateclassiccrm.testcases.LoginPageTest" time="125.314" errors="0" timestamp="08 juin 2019 15:46:28 GMT" skipped="0">
  <testcase classname="com.updateclassiccrm.testcases.LoginPageTest" name="urlTest" time="14.562"/>
  <testcase classname="com.updateclassiccrm.testcases.LoginPageTest" name="titleTest" time="14.759"/>
  <testcase classname="com.updateclassiccrm.testcases.LoginPageTest" name="logoTest" time="14.701"/>
  <testcase classname="com.updateclassiccrm.testcases.LoginPageTest" name="validLoginTest" time="17.107"/>
  <testcase classname="com.updateclassiccrm.testcases.LoginPageTest" name="invalidLoginTest" time="15.298"/>
  <testcase classname="com.updateclassiccrm.testcases.LoginPageTest" name="invalidLoginTest" time="15.516"/>
  <testcase classname="com.updateclassiccrm.testcases.LoginPageTest" name="invalidLoginTest" time="16.915"/>
  <testcase classname="com.updateclassiccrm.testcases.LoginPageTest" name="invalidLoginTest" time="16.456"/>
</testsuite> <!-- com.updateclassiccrm.testcases.LoginPageTest -->
