<?xml version="1.0" encoding="UTF-8"?>
<!-- Generated by org.testng.reporters.JUnitReportReporter -->
<testsuite hostname="Bilal-PC" failures="0" tests="3" name="com.updateclassiccrm.testcases.HomePageTest" time="55.952" errors="0" timestamp="08 juin 2019 15:46:28 GMT" skipped="0">
  <testcase classname="com.updateclassiccrm.testcases.HomePageTest" name="clickOnContact" time="19.186"/>
  <testcase classname="com.updateclassiccrm.testcases.HomePageTest" name="clickOnDeals" time="18.276"/>
  <testcase classname="com.updateclassiccrm.testcases.HomePageTest" name="clickOnTasks" time="18.490"/>
</testsuite> <!-- com.updateclassiccrm.testcases.HomePageTest -->
